Sep.-01 23:21:19.345 [main] DEBUG nextflow.cli.Launcher - $> nextflow run main.nf
Sep.-01 23:21:19.464 [main] INFO  nextflow.cli.CmdRun - N E X T F L O W  ~  version 21.04.3
Sep.-01 23:21:19.495 [main] INFO  nextflow.cli.CmdRun - Launching `main.nf` [sharp_mclean] - revision: ed4167ff6d
Sep.-01 23:21:19.510 [main] DEBUG nextflow.config.ConfigBuilder - Found config local: /Users/arshaandhingra/pipeline/nextflow.config
Sep.-01 23:21:19.510 [main] DEBUG nextflow.config.ConfigBuilder - Parsing config file: /Users/arshaandhingra/pipeline/nextflow.config
Sep.-01 23:21:19.532 [main] DEBUG nextflow.config.ConfigBuilder - Applying config profile: `standard`
Sep.-01 23:21:20.034 [main] DEBUG nextflow.plugin.PluginsFacade - Setting up plugin manager > mode=prod; plugins-dir=/Users/arshaandhingra/.nextflow/plugins
Sep.-01 23:21:20.036 [main] DEBUG nextflow.plugin.PluginsFacade - Plugins default=[]
Sep.-01 23:21:20.039 [main] DEBUG nextflow.plugin.PluginsFacade - Plugins local root: .nextflow/plr/empty
Sep.-01 23:21:20.047 [main] INFO  org.pf4j.DefaultPluginStatusProvider - Enabled plugins: []
Sep.-01 23:21:20.049 [main] INFO  org.pf4j.DefaultPluginStatusProvider - Disabled plugins: []
Sep.-01 23:21:20.053 [main] INFO  org.pf4j.DefaultPluginManager - PF4J version 3.4.1 in 'deployment' mode
Sep.-01 23:21:20.062 [main] INFO  org.pf4j.AbstractPluginManager - No plugins
Sep.-01 23:21:20.117 [main] DEBUG nextflow.Session - Session uuid: 9c849253-f89f-47b7-8b4a-5df159765e21
Sep.-01 23:21:20.117 [main] DEBUG nextflow.Session - Run name: sharp_mclean
Sep.-01 23:21:20.117 [main] DEBUG nextflow.Session - Executor pool size: 8
Sep.-01 23:21:20.148 [main] DEBUG nextflow.cli.CmdRun - 
  Version: 21.04.3 build 5560
  Created: 21-07-2021 15:09 UTC (08:09 PDT)
  System: Mac OS X 10.16
  Runtime: Groovy 3.0.7 on Java HotSpot(TM) 64-Bit Server VM 12.0.2+10
  Encoding: UTF-8 (UTF-8)
  Process: 18223@dhcp-128-189-250-31.ubcsecure.wireless.ubc.ca [128.189.250.31]
  CPUs: 8 - Mem: 8 GB (23.8 MB) - Swap: 3 GB (1 GB)
Sep.-01 23:21:20.160 [main] DEBUG nextflow.Session - Work-dir: /Users/arshaandhingra/pipeline/work [Mac OS X]
Sep.-01 23:21:20.160 [main] DEBUG nextflow.Session - Script base path does not exist or is not a directory: /Users/arshaandhingra/pipeline/bin
Sep.-01 23:21:20.176 [main] DEBUG nextflow.executor.ExecutorFactory - Extension executors providers=[]
Sep.-01 23:21:20.188 [main] DEBUG nextflow.Session - Observer factory: DefaultObserverFactory
Sep.-01 23:21:20.305 [main] DEBUG nextflow.Session - Session start invoked
Sep.-01 23:21:20.451 [main] DEBUG nextflow.script.ScriptRunner - > Launching execution
Sep.-01 23:21:20.485 [main] DEBUG nextflow.Session - Workflow process names [dsl1]: 
Sep.-01 23:21:20.487 [main] INFO  nextflow.script.BaseScript - I will BLAST .query against myBlastDatabase
Sep.-01 23:21:20.488 [main] DEBUG nextflow.script.ScriptRunner - > Await termination 
Sep.-01 23:21:20.489 [main] DEBUG nextflow.Session - Session await
Sep.-01 23:21:20.489 [main] DEBUG nextflow.Session - Session await > all process finished
Sep.-01 23:21:20.489 [main] DEBUG nextflow.Session - Session await > all barriers passed
Sep.-01 23:21:20.502 [main] DEBUG nextflow.trace.WorkflowStatsObserver - Workflow completed > WorkflowStats[succeededCount=0; failedCount=0; ignoredCount=0; cachedCount=0; pendingCount=0; submittedCount=0; runningCount=0; retriesCount=0; abortedCount=0; succeedDuration=0ms; failedDuration=0ms; cachedDuration=0ms;loadCpus=0; loadMemory=0; peakRunning=0; peakCpus=0; peakMemory=0; ]
Sep.-01 23:21:20.542 [main] DEBUG nextflow.CacheDB - Closing CacheDB done
Sep.-01 23:21:20.554 [main] DEBUG nextflow.script.ScriptRunner - > Execution complete -- Goodbye
